# JRE version: Java(TM) SE Runtime Environment (8.0_152-b16) (build 1.8.0_152-b16)
# Java VM: Java HotSpot(TM) 64-Bit Server VM (25.152-b16 mixed mode windows-amd64 compressed oops)
Heap:
 PSYoungGen      total 140800K, used 122942K [0x000000076b800000, 0x000000077cb00000, 0x00000007c0000000)
  eden space 130048K, 94% used [0x000000076b800000,0x000000077300f868,0x0000000773700000)
  from space 10752K, 0% used [0x0000000773700000,0x0000000773700000,0x0000000774180000)
  to   space 10752K, 0% used [0x000000077c080000,0x000000077c080000,0x000000077cb00000)
 ParOldGen       total 116736K, used 21362K [0x00000006c2800000, 0x00000006c9a00000, 0x000000076b800000)
  object space 116736K, 18% used [0x00000006c2800000,0x00000006c3cdc818,0x00000006c9a00000)
 Metaspace       used 20875K, capacity 22104K, committed 22400K, reserved 1069056K
  class space    used 2841K, capacity 3093K, committed 3200K, reserved 1048576K
GC Heap History (8 events):
Event: 1.167 GC heap before
{Heap before GC invocations=1 (full 0):
 PSYoungGen      total 75776K, used 65024K [0x000000076b800000, 0x0000000770c80000, 0x00000007c0000000)
  eden space 65024K, 100% used [0x000000076b800000,0x000000076f780000,0x000000076f780000)
  from space 10752K, 0% used [0x0000000770200000,0x0000000770200000,0x0000000770c80000)
  to   space 10752K, 0% used [0x000000076f780000,0x000000076f780000,0x0000000770200000)
 ParOldGen       total 173568K, used 0K [0x00000006c2800000, 0x00000006cd180000, 0x000000076b800000)
  object space 173568K, 0% used [0x00000006c2800000,0x00000006c2800000,0x00000006cd180000)
 Metaspace       used 17365K, capacity 18366K, committed 18560K, reserved 1064960K
  class space    used 2419K, capacity 2642K, committed 2688K, reserved 1048576K
Event: 1.180 GC heap after
Heap after GC invocations=1 (full 0):
 PSYoungGen      total 75776K, used 10737K [0x000000076b800000, 0x0000000774c00000, 0x00000007c0000000)
  eden space 65024K, 0% used [0x000000076b800000,0x000000076b800000,0x000000076f780000)
  from space 10752K, 99% used [0x000000076f780000,0x00000007701fc430,0x0000000770200000)
  to   space 10752K, 0% used [0x0000000774180000,0x0000000774180000,0x0000000774c00000)
 ParOldGen       total 173568K, used 6738K [0x00000006c2800000, 0x00000006cd180000, 0x000000076b800000)
  object space 173568K, 3% used [0x00000006c2800000,0x00000006c2e948b0,0x00000006cd180000)
 Metaspace       used 17365K, capacity 18366K, committed 18560K, reserved 1064960K
  class space    used 2419K, capacity 2642K, committed 2688K, reserved 1048576K
}
Event: 1.594 GC heap before
{Heap before GC invocations=2 (full 0):
 PSYoungGen      total 75776K, used 75761K [0x000000076b800000, 0x0000000774c00000, 0x00000007c0000000)
  eden space 65024K, 100% used [0x000000076b800000,0x000000076f780000,0x000000076f780000)
  from space 10752K, 99% used [0x000000076f780000,0x00000007701fc430,0x0000000770200000)
  to   space 10752K, 0% used [0x0000000774180000,0x0000000774180000,0x0000000774c00000)
 ParOldGen       total 173568K, used 6738K [0x00000006c2800000, 0x00000006cd180000, 0x000000076b800000)
  object space 173568K, 3% used [0x00000006c2800000,0x00000006c2e948b0,0x00000006cd180000)
 Metaspace       used 19977K, capacity 21064K, committed 21248K, reserved 1067008K
  class space    used 2753K, capacity 2971K, committed 3072K, reserved 1048576K
Event: 1.603 GC heap after
Heap after GC invocations=2 (full 0):
 PSYoungGen      total 140800K, used 10725K [0x000000076b800000, 0x0000000774c00000, 0x00000007c0000000)
  eden space 130048K, 0% used [0x000000076b800000,0x000000076b800000,0x0000000773700000)
  from space 10752K, 99% used [0x0000000774180000,0x0000000774bf9400,0x0000000774c00000)
  to   space 10752K, 0% used [0x0000000773700000,0x0000000773700000,0x0000000774180000)
 ParOldGen       total 173568K, used 14190K [0x00000006c2800000, 0x00000006cd180000, 0x000000076b800000)
  object space 173568K, 8% used [0x00000006c2800000,0x00000006c35db8f0,0x00000006cd180000)
 Metaspace       used 19977K, capacity 21064K, committed 21248K, reserved 1067008K
  class space    used 2753K, capacity 2971K, committed 3072K, reserved 1048576K
}
Event: 1.692 GC heap before
{Heap before GC invocations=3 (full 0):
 PSYoungGen      total 140800K, used 16786K [0x000000076b800000, 0x0000000774c00000, 0x00000007c0000000)
  eden space 130048K, 4% used [0x000000076b800000,0x000000076bdeb540,0x0000000773700000)
  from space 10752K, 99% used [0x0000000774180000,0x0000000774bf9400,0x0000000774c00000)
  to   space 10752K, 0% used [0x0000000773700000,0x0000000773700000,0x0000000774180000)
 ParOldGen       total 173568K, used 14190K [0x00000006c2800000, 0x00000006cd180000, 0x000000076b800000)
  object space 173568K, 8% used [0x00000006c2800000,0x00000006c35db8f0,0x00000006cd180000)
 Metaspace       used 20059K, capacity 21160K, committed 21248K, reserved 1067008K
  class space    used 2764K, capacity 3003K, committed 3072K, reserved 1048576K
Event: 1.698 GC heap after
Heap after GC invocations=3 (full 0):
 PSYoungGen      total 140800K, used 10720K [0x000000076b800000, 0x000000077cb00000, 0x00000007c0000000)
  eden space 130048K, 0% used [0x000000076b800000,0x000000076b800000,0x0000000773700000)
  from space 10752K, 99% used [0x0000000773700000,0x00000007741780e0,0x0000000774180000)
  to   space 10752K, 0% used [0x000000077c080000,0x000000077c080000,0x000000077cb00000)
 ParOldGen       total 173568K, used 14334K [0x00000006c2800000, 0x00000006cd180000, 0x000000076b800000)
  object space 173568K, 8% used [0x00000006c2800000,0x00000006c35ff8f0,0x00000006cd180000)
 Metaspace       used 20059K, capacity 21160K, committed 21248K, reserved 1067008K
  class space    used 2764K, capacity 3003K, committed 3072K, reserved 1048576K
}
Event: 1.698 GC heap before
{Heap before GC invocations=4 (full 1):
 PSYoungGen      total 140800K, used 10720K [0x000000076b800000, 0x000000077cb00000, 0x00000007c0000000)
  eden space 130048K, 0% used [0x000000076b800000,0x000000076b800000,0x0000000773700000)
  from space 10752K, 99% used [0x0000000773700000,0x00000007741780e0,0x0000000774180000)
  to   space 10752K, 0% used [0x000000077c080000,0x000000077c080000,0x000000077cb00000)
 ParOldGen       total 173568K, used 14334K [0x00000006c2800000, 0x00000006cd180000, 0x000000076b800000)
  object space 173568K, 8% used [0x00000006c2800000,0x00000006c35ff8f0,0x00000006cd180000)
 Metaspace       used 20059K, capacity 21160K, committed 21248K, reserved 1067008K
  class space    used 2764K, capacity 3003K, committed 3072K, reserved 1048576K
Event: 1.721 GC heap after
Heap after GC invocations=4 (full 1):
 PSYoungGen      total 140800K, used 0K [0x000000076b800000, 0x000000077cb00000, 0x00000007c0000000)
  eden space 130048K, 0% used [0x000000076b800000,0x000000076b800000,0x0000000773700000)
  from space 10752K, 0% used [0x0000000773700000,0x0000000773700000,0x0000000774180000)
  to   space 10752K, 0% used [0x000000077c080000,0x000000077c080000,0x000000077cb00000)
 ParOldGen       total 116736K, used 21362K [0x00000006c2800000, 0x00000006c9a00000, 0x000000076b800000)
  object space 116736K, 18% used [0x00000006c2800000,0x00000006c3cdc818,0x00000006c9a00000)
 Metaspace       used 20059K, capacity 21160K, committed 21248K, reserved 1067008K
  class space    used 2764K, capacity 3003K, committed 3072K, reserved 1048576K
}

